{"D:\\SE_project\\Coincious-Smart-Expense-Tracker\\Frontend\\src\\components\\pages\\Login.tsx": {"path":"D:\\SE_project\\Coincious-Smart-Expense-Tracker\\Frontend\\src\\components\\pages\\Login.tsx","statementMap":{"0":{"start":{"line":40,"column":8},"end":{"line":40,"column":null}},"1":{"start":{"line":41,"column":8},"end":{"line":41,"column":null}},"2":{"start":{"line":42,"column":8},"end":{"line":42,"column":null}},"3":{"start":{"line":44,"column":16},"end":{"line":44,"column":28}},"4":{"start":{"line":45,"column":19},"end":{"line":45,"column":31}},"5":{"start":{"line":46,"column":19},"end":{"line":46,"column":34}},"6":{"start":{"line":47,"column":22},"end":{"line":47,"column":37}},"7":{"start":{"line":48,"column":23},"end":{"line":48,"column":43}},"8":{"start":{"line":49,"column":26},"end":{"line":49,"column":46}},"9":{"start":{"line":51,"column":58},"end":{"line":51,"column":null}},"10":{"start":{"line":52,"column":30},"end":{"line":52,"column":null}},"11":{"start":{"line":53,"column":17},"end":{"line":53,"column":null}},"12":{"start":{"line":54,"column":8},"end":{"line":54,"column":null}},"13":{"start":{"line":55,"column":41},"end":{"line":55,"column":null}},"14":{"start":{"line":57,"column":49},"end":{"line":57,"column":null}},"15":{"start":{"line":58,"column":35},"end":{"line":58,"column":null}},"16":{"start":{"line":59,"column":43},"end":{"line":59,"column":null}},"17":{"start":{"line":61,"column":22},"end":{"line":76,"column":null}},"18":{"start":{"line":62,"column":4},"end":{"line":62,"column":null}},"19":{"start":{"line":64,"column":4},"end":{"line":67,"column":null}},"20":{"start":{"line":65,"column":6},"end":{"line":65,"column":null}},"21":{"start":{"line":66,"column":6},"end":{"line":66,"column":null}},"22":{"start":{"line":69,"column":4},"end":{"line":75,"column":null}},"23":{"start":{"line":70,"column":6},"end":{"line":70,"column":null}},"24":{"start":{"line":71,"column":6},"end":{"line":71,"column":null}},"25":{"start":{"line":72,"column":6},"end":{"line":72,"column":null}},"26":{"start":{"line":74,"column":6},"end":{"line":74,"column":null}},"27":{"start":{"line":78,"column":29},"end":{"line":90,"column":null}},"28":{"start":{"line":79,"column":4},"end":{"line":89,"column":null}},"29":{"start":{"line":80,"column":6},"end":{"line":80,"column":null}},"30":{"start":{"line":81,"column":6},"end":{"line":81,"column":null}},"31":{"start":{"line":82,"column":6},"end":{"line":82,"column":null}},"32":{"start":{"line":83,"column":6},"end":{"line":83,"column":null}},"33":{"start":{"line":84,"column":6},"end":{"line":84,"column":null}},"34":{"start":{"line":86,"column":6},"end":{"line":86,"column":null}},"35":{"start":{"line":87,"column":22},"end":{"line":87,"column":null}},"36":{"start":{"line":88,"column":6},"end":{"line":88,"column":null}},"37":{"start":{"line":92,"column":31},"end":{"line":119,"column":null}},"38":{"start":{"line":93,"column":4},"end":{"line":96,"column":null}},"39":{"start":{"line":94,"column":6},"end":{"line":94,"column":null}},"40":{"start":{"line":95,"column":6},"end":{"line":95,"column":null}},"41":{"start":{"line":98,"column":4},"end":{"line":98,"column":null}},"42":{"start":{"line":100,"column":4},"end":{"line":118,"column":null}},"43":{"start":{"line":101,"column":25},"end":{"line":101,"column":68}},"44":{"start":{"line":102,"column":24},"end":{"line":104,"column":null}},"45":{"start":{"line":106,"column":6},"end":{"line":106,"column":null}},"46":{"start":{"line":106,"column":17},"end":{"line":106,"column":null}},"47":{"start":{"line":107,"column":6},"end":{"line":109,"column":null}},"48":{"start":{"line":110,"column":6},"end":{"line":110,"column":null}},"49":{"start":{"line":111,"column":6},"end":{"line":111,"column":null}},"50":{"start":{"line":113,"column":6},"end":{"line":115,"column":null}},"51":{"start":{"line":117,"column":6},"end":{"line":117,"column":null}},"52":{"start":{"line":175,"column":37},"end":{"line":175,"column":null}},"53":{"start":{"line":193,"column":22},"end":{"line":193,"column":null}},"54":{"start":{"line":204,"column":22},"end":{"line":204,"column":null}},"55":{"start":{"line":221,"column":33},"end":{"line":221,"column":null}},"56":{"start":{"line":310,"column":37},"end":{"line":310,"column":null}},"57":{"start":{"line":320,"column":31},"end":{"line":320,"column":null}}},"fnMap":{"0":{"name":"Login","decl":{"start":{"line":39,"column":16},"end":{"line":39,"column":null}},"loc":{"start":{"line":39,"column":16},"end":{"line":344,"column":null}},"line":39},"1":{"name":"(anonymous_1)","decl":{"start":{"line":61,"column":22},"end":{"line":61,"column":29}},"loc":{"start":{"line":61,"column":29},"end":{"line":76,"column":null}},"line":61},"2":{"name":"(anonymous_2)","decl":{"start":{"line":78,"column":29},"end":{"line":78,"column":null}},"loc":{"start":{"line":78,"column":29},"end":{"line":90,"column":null}},"line":78},"3":{"name":"(anonymous_3)","decl":{"start":{"line":92,"column":31},"end":{"line":92,"column":null}},"loc":{"start":{"line":92,"column":31},"end":{"line":119,"column":null}},"line":92},"4":{"name":"(anonymous_4)","decl":{"start":{"line":175,"column":30},"end":{"line":175,"column":31}},"loc":{"start":{"line":175,"column":37},"end":{"line":175,"column":null}},"line":175},"5":{"name":"(anonymous_5)","decl":{"start":{"line":192,"column":30},"end":{"line":192,"column":31}},"loc":{"start":{"line":193,"column":22},"end":{"line":193,"column":null}},"line":193},"6":{"name":"(anonymous_6)","decl":{"start":{"line":203,"column":29},"end":{"line":203,"column":null}},"loc":{"start":{"line":204,"column":22},"end":{"line":204,"column":null}},"line":204},"7":{"name":"(anonymous_7)","decl":{"start":{"line":221,"column":27},"end":{"line":221,"column":33}},"loc":{"start":{"line":221,"column":33},"end":{"line":221,"column":null}},"line":221},"8":{"name":"(anonymous_8)","decl":{"start":{"line":310,"column":30},"end":{"line":310,"column":31}},"loc":{"start":{"line":310,"column":37},"end":{"line":310,"column":null}},"line":310},"9":{"name":"(anonymous_9)","decl":{"start":{"line":320,"column":25},"end":{"line":320,"column":31}},"loc":{"start":{"line":320,"column":31},"end":{"line":320,"column":null}},"line":320}},"branchMap":{"0":{"loc":{"start":{"line":64,"column":4},"end":{"line":67,"column":null}},"type":"if","locations":[{"start":{"line":64,"column":4},"end":{"line":67,"column":null}},{"start":{},"end":{}}],"line":64},"1":{"loc":{"start":{"line":64,"column":8},"end":{"line":64,"column":29}},"type":"binary-expr","locations":[{"start":{"line":64,"column":8},"end":{"line":64,"column":18}},{"start":{"line":64,"column":18},"end":{"line":64,"column":29}}],"line":64},"2":{"loc":{"start":{"line":87,"column":22},"end":{"line":87,"column":null}},"type":"binary-expr","locations":[{"start":{"line":87,"column":22},"end":{"line":87,"column":39}},{"start":{"line":87,"column":39},"end":{"line":87,"column":46}},{"start":{"line":87,"column":46},"end":{"line":87,"column":70}},{"start":{"line":87,"column":70},"end":{"line":87,"column":null}}],"line":87},"3":{"loc":{"start":{"line":93,"column":4},"end":{"line":96,"column":null}},"type":"if","locations":[{"start":{"line":93,"column":4},"end":{"line":96,"column":null}},{"start":{},"end":{}}],"line":93},"4":{"loc":{"start":{"line":106,"column":6},"end":{"line":106,"column":null}},"type":"if","locations":[{"start":{"line":106,"column":6},"end":{"line":106,"column":null}},{"start":{},"end":{}}],"line":106},"5":{"loc":{"start":{"line":114,"column":21},"end":{"line":114,"column":null}},"type":"binary-expr","locations":[{"start":{"line":114,"column":21},"end":{"line":114,"column":34}},{"start":{"line":114,"column":38},"end":{"line":114,"column":null}}],"line":114},"6":{"loc":{"start":{"line":189,"column":26},"end":{"line":189,"column":null}},"type":"cond-expr","locations":[{"start":{"line":189,"column":41},"end":{"line":189,"column":50}},{"start":{"line":189,"column":50},"end":{"line":189,"column":null}}],"line":189},"7":{"loc":{"start":{"line":235,"column":19},"end":{"line":235,"column":null}},"type":"cond-expr","locations":[{"start":{"line":235,"column":31},"end":{"line":235,"column":49}},{"start":{"line":235,"column":49},"end":{"line":235,"column":null}}],"line":235},"8":{"loc":{"start":{"line":245,"column":28},"end":{"line":245,"column":null}},"type":"binary-expr","locations":[{"start":{"line":245,"column":28},"end":{"line":245,"column":41}},{"start":{"line":245,"column":41},"end":{"line":245,"column":null}}],"line":245},"9":{"loc":{"start":{"line":327,"column":26},"end":{"line":327,"column":null}},"type":"binary-expr","locations":[{"start":{"line":327,"column":26},"end":{"line":327,"column":44}},{"start":{"line":327,"column":44},"end":{"line":327,"column":null}}],"line":327},"10":{"loc":{"start":{"line":329,"column":17},"end":{"line":335,"column":null}},"type":"cond-expr","locations":[{"start":{"line":329,"column":17},"end":{"line":335,"column":null}},{"start":{"line":335,"column":18},"end":{"line":335,"column":null}}],"line":329}},"s":{"0":23,"1":23,"2":23,"3":23,"4":23,"5":23,"6":23,"7":23,"8":23,"9":23,"10":23,"11":23,"12":23,"13":23,"14":23,"15":23,"16":23,"17":23,"18":2,"19":2,"20":0,"21":0,"22":2,"23":2,"24":1,"25":1,"26":1,"27":23,"28":1,"29":1,"30":1,"31":1,"32":1,"33":1,"34":0,"35":0,"36":0,"37":23,"38":1,"39":0,"40":0,"41":1,"42":1,"43":1,"44":1,"45":1,"46":0,"47":1,"48":1,"49":1,"50":0,"51":1,"52":3,"53":3,"54":2,"55":1,"56":1,"57":0},"f":{"0":23,"1":2,"2":1,"3":1,"4":3,"5":3,"6":2,"7":1,"8":1,"9":0},"b":{"0":[0,2],"1":[2,2],"2":[0,0,0,0],"3":[0,1],"4":[0,1],"5":[0,0],"6":[1,21],"7":[1,21],"8":[23,21],"9":[23,21],"10":[1,21]},"meta":{"lastBranch":11,"lastFunction":10,"lastStatement":58,"seen":{"f:39:16:39:Infinity":0,"s:40:8:40:Infinity":0,"s:41:8:41:Infinity":1,"s:42:8:42:Infinity":2,"s:44:16:44:28":3,"s:45:19:45:31":4,"s:46:19:46:34":5,"s:47:22:47:37":6,"s:48:23:48:43":7,"s:49:26:49:46":8,"s:51:58:51:Infinity":9,"s:52:30:52:Infinity":10,"s:53:17:53:Infinity":11,"s:54:8:54:Infinity":12,"s:55:41:55:Infinity":13,"s:57:49:57:Infinity":14,"s:58:35:58:Infinity":15,"s:59:43:59:Infinity":16,"s:61:22:76:Infinity":17,"f:61:22:61:29":1,"s:62:4:62:Infinity":18,"b:64:4:67:Infinity:undefined:undefined:undefined:undefined":0,"s:64:4:67:Infinity":19,"b:64:8:64:18:64:18:64:29":1,"s:65:6:65:Infinity":20,"s:66:6:66:Infinity":21,"s:69:4:75:Infinity":22,"s:70:6:70:Infinity":23,"s:71:6:71:Infinity":24,"s:72:6:72:Infinity":25,"s:74:6:74:Infinity":26,"s:78:29:90:Infinity":27,"f:78:29:78:Infinity":2,"s:79:4:89:Infinity":28,"s:80:6:80:Infinity":29,"s:81:6:81:Infinity":30,"s:82:6:82:Infinity":31,"s:83:6:83:Infinity":32,"s:84:6:84:Infinity":33,"s:86:6:86:Infinity":34,"s:87:22:87:Infinity":35,"b:87:22:87:39:87:39:87:46:87:46:87:70:87:70:87:Infinity":2,"s:88:6:88:Infinity":36,"s:92:31:119:Infinity":37,"f:92:31:92:Infinity":3,"b:93:4:96:Infinity:undefined:undefined:undefined:undefined":3,"s:93:4:96:Infinity":38,"s:94:6:94:Infinity":39,"s:95:6:95:Infinity":40,"s:98:4:98:Infinity":41,"s:100:4:118:Infinity":42,"s:101:25:101:68":43,"s:102:24:104:Infinity":44,"b:106:6:106:Infinity:undefined:undefined:undefined:undefined":4,"s:106:6:106:Infinity":45,"s:106:17:106:Infinity":46,"s:107:6:109:Infinity":47,"s:110:6:110:Infinity":48,"s:111:6:111:Infinity":49,"s:113:6:115:Infinity":50,"b:114:21:114:34:114:38:114:Infinity":5,"s:117:6:117:Infinity":51,"f:175:30:175:31":4,"s:175:37:175:Infinity":52,"b:189:41:189:50:189:50:189:Infinity":6,"f:192:30:192:31":5,"s:193:22:193:Infinity":53,"f:203:29:203:Infinity":6,"s:204:22:204:Infinity":54,"f:221:27:221:33":7,"s:221:33:221:Infinity":55,"b:235:31:235:49:235:49:235:Infinity":7,"b:245:28:245:41:245:41:245:Infinity":8,"f:310:30:310:31":8,"s:310:37:310:Infinity":56,"f:320:25:320:31":9,"s:320:31:320:Infinity":57,"b:327:26:327:44:327:44:327:Infinity":9,"b:329:17:335:Infinity:335:18:335:Infinity":10}}}
,"D:\\SE_project\\Coincious-Smart-Expense-Tracker\\Frontend\\src\\components\\ui\\button.tsx": {"path":"D:\\SE_project\\Coincious-Smart-Expense-Tracker\\Frontend\\src\\components\\ui\\button.tsx","statementMap":{"0":{"start":{"line":7,"column":6},"end":{"line":34,"column":null}},"1":{"start":{"line":47,"column":15},"end":{"line":47,"column":null}}},"fnMap":{"0":{"name":"Button","decl":{"start":{"line":37,"column":9},"end":{"line":37,"column":16}},"loc":{"start":{"line":46,"column":3},"end":{"line":56,"column":null}},"line":46}},"branchMap":{"0":{"loc":{"start":{"line":41,"column":2},"end":{"line":41,"column":17}},"type":"default-arg","locations":[{"start":{"line":41,"column":12},"end":{"line":41,"column":17}}],"line":41},"1":{"loc":{"start":{"line":47,"column":15},"end":{"line":47,"column":null}},"type":"cond-expr","locations":[{"start":{"line":47,"column":25},"end":{"line":47,"column":32}},{"start":{"line":47,"column":32},"end":{"line":47,"column":null}}],"line":47}},"s":{"0":1,"1":96},"f":{"0":96},"b":{"0":[96],"1":[0,96]},"meta":{"lastBranch":2,"lastFunction":1,"lastStatement":2,"seen":{"s:7:6:34:Infinity":0,"f:37:9:37:16":0,"b:41:12:41:17":0,"s:47:15:47:Infinity":1,"b:47:25:47:32:47:32:47:Infinity":1}}}
,"D:\\SE_project\\Coincious-Smart-Expense-Tracker\\Frontend\\src\\components\\ui\\card.tsx": {"path":"D:\\SE_project\\Coincious-Smart-Expense-Tracker\\Frontend\\src\\components\\ui\\card.tsx","statementMap":{},"fnMap":{"0":{"name":"Card","decl":{"start":{"line":5,"column":9},"end":{"line":5,"column":14}},"loc":{"start":{"line":5,"column":66},"end":{"line":16,"column":null}},"line":5},"1":{"name":"CardHeader","decl":{"start":{"line":18,"column":9},"end":{"line":18,"column":20}},"loc":{"start":{"line":18,"column":72},"end":{"line":29,"column":null}},"line":18},"2":{"name":"CardTitle","decl":{"start":{"line":31,"column":9},"end":{"line":31,"column":19}},"loc":{"start":{"line":31,"column":71},"end":{"line":39,"column":null}},"line":31},"3":{"name":"CardDescription","decl":{"start":{"line":41,"column":9},"end":{"line":41,"column":25}},"loc":{"start":{"line":41,"column":77},"end":{"line":49,"column":null}},"line":41},"4":{"name":"CardAction","decl":{"start":{"line":51,"column":9},"end":{"line":51,"column":20}},"loc":{"start":{"line":51,"column":72},"end":{"line":62,"column":null}},"line":51},"5":{"name":"CardContent","decl":{"start":{"line":64,"column":9},"end":{"line":64,"column":21}},"loc":{"start":{"line":64,"column":73},"end":{"line":72,"column":null}},"line":64},"6":{"name":"CardFooter","decl":{"start":{"line":74,"column":9},"end":{"line":74,"column":20}},"loc":{"start":{"line":74,"column":72},"end":{"line":82,"column":null}},"line":74}},"branchMap":{},"s":{},"f":{"0":44,"1":22,"2":22,"3":22,"4":0,"5":44,"6":22},"b":{},"meta":{"lastBranch":0,"lastFunction":7,"lastStatement":0,"seen":{"f:5:9:5:14":0,"f:18:9:18:20":1,"f:31:9:31:19":2,"f:41:9:41:25":3,"f:51:9:51:20":4,"f:64:9:64:21":5,"f:74:9:74:20":6}}}
,"D:\\SE_project\\Coincious-Smart-Expense-Tracker\\Frontend\\src\\components\\ui\\dialog.tsx": {"path":"D:\\SE_project\\Coincious-Smart-Expense-Tracker\\Frontend\\src\\components\\ui\\dialog.tsx","statementMap":{"0":{"start":{"line":1,"column":0},"end":{"line":1,"column":null}}},"fnMap":{"0":{"name":"Dialog","decl":{"start":{"line":9,"column":9},"end":{"line":9,"column":16}},"loc":{"start":{"line":11,"column":52},"end":{"line":13,"column":null}},"line":11},"1":{"name":"DialogTrigger","decl":{"start":{"line":15,"column":9},"end":{"line":15,"column":23}},"loc":{"start":{"line":17,"column":55},"end":{"line":19,"column":null}},"line":17},"2":{"name":"DialogPortal","decl":{"start":{"line":21,"column":9},"end":{"line":21,"column":22}},"loc":{"start":{"line":23,"column":54},"end":{"line":25,"column":null}},"line":23},"3":{"name":"DialogClose","decl":{"start":{"line":27,"column":9},"end":{"line":27,"column":21}},"loc":{"start":{"line":29,"column":53},"end":{"line":31,"column":null}},"line":29},"4":{"name":"DialogOverlay","decl":{"start":{"line":33,"column":9},"end":{"line":33,"column":23}},"loc":{"start":{"line":36,"column":55},"end":{"line":47,"column":null}},"line":36},"5":{"name":"DialogContent","decl":{"start":{"line":48,"column":9},"end":{"line":48,"column":23}},"loc":{"start":{"line":52,"column":55},"end":{"line":73,"column":null}},"line":52},"6":{"name":"DialogHeader","decl":{"start":{"line":76,"column":9},"end":{"line":76,"column":22}},"loc":{"start":{"line":76,"column":74},"end":{"line":84,"column":null}},"line":76},"7":{"name":"DialogFooter","decl":{"start":{"line":86,"column":9},"end":{"line":86,"column":22}},"loc":{"start":{"line":86,"column":74},"end":{"line":97,"column":null}},"line":86},"8":{"name":"DialogTitle","decl":{"start":{"line":99,"column":9},"end":{"line":99,"column":21}},"loc":{"start":{"line":102,"column":53},"end":{"line":110,"column":null}},"line":102},"9":{"name":"DialogDescription","decl":{"start":{"line":112,"column":9},"end":{"line":112,"column":27}},"loc":{"start":{"line":115,"column":59},"end":{"line":123,"column":null}},"line":115}},"branchMap":{},"s":{"0":1},"f":{"0":23,"1":0,"2":23,"3":0,"4":5,"5":23,"6":4,"7":4,"8":4,"9":4},"b":{},"meta":{"lastBranch":0,"lastFunction":10,"lastStatement":1,"seen":{"s:1:0:1:Infinity":0,"f:9:9:9:16":0,"f:15:9:15:23":1,"f:21:9:21:22":2,"f:27:9:27:21":3,"f:33:9:33:23":4,"f:48:9:48:23":5,"f:76:9:76:22":6,"f:86:9:86:22":7,"f:99:9:99:21":8,"f:112:9:112:27":9}}}
,"D:\\SE_project\\Coincious-Smart-Expense-Tracker\\Frontend\\src\\components\\ui\\input.tsx": {"path":"D:\\SE_project\\Coincious-Smart-Expense-Tracker\\Frontend\\src\\components\\ui\\input.tsx","statementMap":{},"fnMap":{"0":{"name":"Input","decl":{"start":{"line":5,"column":9},"end":{"line":5,"column":15}},"loc":{"start":{"line":5,"column":75},"end":{"line":19,"column":null}},"line":5}},"branchMap":{},"s":{},"f":{"0":48},"b":{},"meta":{"lastBranch":0,"lastFunction":1,"lastStatement":0,"seen":{"f:5:9:5:15":0}}}
,"D:\\SE_project\\Coincious-Smart-Expense-Tracker\\Frontend\\src\\components\\ui\\label.tsx": {"path":"D:\\SE_project\\Coincious-Smart-Expense-Tracker\\Frontend\\src\\components\\ui\\label.tsx","statementMap":{"0":{"start":{"line":1,"column":0},"end":{"line":1,"column":null}}},"fnMap":{"0":{"name":"Label","decl":{"start":{"line":8,"column":9},"end":{"line":8,"column":15}},"loc":{"start":{"line":11,"column":51},"end":{"line":22,"column":null}},"line":11}},"branchMap":{},"s":{"0":1},"f":{"0":48},"b":{},"meta":{"lastBranch":0,"lastFunction":1,"lastStatement":1,"seen":{"s:1:0:1:Infinity":0,"f:8:9:8:15":0}}}
,"D:\\SE_project\\Coincious-Smart-Expense-Tracker\\Frontend\\src\\components\\ui\\logo.tsx": {"path":"D:\\SE_project\\Coincious-Smart-Expense-Tracker\\Frontend\\src\\components\\ui\\logo.tsx","statementMap":{"0":{"start":{"line":9,"column":16},"end":{"line":13,"column":null}},"1":{"start":{"line":15,"column":19},"end":{"line":15,"column":30}}},"fnMap":{"0":{"name":"Logo","decl":{"start":{"line":8,"column":16},"end":{"line":8,"column":21}},"loc":{"start":{"line":8,"column":47},"end":{"line":42,"column":null}},"line":8}},"branchMap":{"0":{"loc":{"start":{"line":8,"column":23},"end":{"line":8,"column":34}},"type":"default-arg","locations":[{"start":{"line":8,"column":30},"end":{"line":8,"column":34}}],"line":8}},"s":{"0":22,"1":22},"f":{"0":22},"b":{"0":[22]},"meta":{"lastBranch":1,"lastFunction":1,"lastStatement":2,"seen":{"f:8:16:8:21":0,"b:8:30:8:34":0,"s:9:16:13:Infinity":0,"s:15:19:15:30":1}}}
,"D:\\SE_project\\Coincious-Smart-Expense-Tracker\\Frontend\\src\\components\\ui\\utils.ts": {"path":"D:\\SE_project\\Coincious-Smart-Expense-Tracker\\Frontend\\src\\components\\ui\\utils.ts","statementMap":{"0":{"start":{"line":5,"column":2},"end":{"line":5,"column":null}}},"fnMap":{"0":{"name":"cn","decl":{"start":{"line":4,"column":16},"end":{"line":4,"column":19}},"loc":{"start":{"line":4,"column":42},"end":{"line":6,"column":null}},"line":4}},"branchMap":{},"s":{"0":388},"f":{"0":388},"b":{},"meta":{"lastBranch":0,"lastFunction":1,"lastStatement":1,"seen":{"f:4:16:4:19":0,"s:5:2:5:Infinity":0}}}
,"D:\\SE_project\\Coincious-Smart-Expense-Tracker\\Frontend\\src\\lib\\utils.ts": {"path":"D:\\SE_project\\Coincious-Smart-Expense-Tracker\\Frontend\\src\\lib\\utils.ts","statementMap":{"0":{"start":{"line":5,"column":4},"end":{"line":5,"column":null}}},"fnMap":{"0":{"name":"cn","decl":{"start":{"line":4,"column":16},"end":{"line":4,"column":19}},"loc":{"start":{"line":4,"column":42},"end":{"line":6,"column":null}},"line":4}},"branchMap":{},"s":{"0":44},"f":{"0":44},"b":{},"meta":{"lastBranch":0,"lastFunction":1,"lastStatement":1,"seen":{"f:4:16:4:19":0,"s:5:4:5:Infinity":0}}}
}
